<?xml version="1.0" encoding="UTF-8"?>
<!-- Generated by org.testng.reporters.JUnitReportReporter -->
<testsuite skipped="4" hostname="DESKTOP-DFBIVRO" name="com.freshproposals.selenium.FeeTableInProposal" tests="6" failures="0" timestamp="2020-03-05T12:44:11 IST" time="68.978" errors="0">
  <testcase name="login" time="5.727" classname="com.freshproposals.selenium.FeeTableInProposal"/>
  <testcase name="FeeisoptionalandChangetheQoantity" time="63.251" classname="com.freshproposals.selenium.FeeTableInProposal"/>
  <testcase name="ChangetheRowType" classname="com.freshproposals.selenium.FeeTableInProposal">
    <skipped/>
  </testcase> <!-- ChangetheRowType -->
  <testcase name="AddRowandRowDiscount" classname="com.freshproposals.selenium.FeeTableInProposal">
    <skipped/>
  </testcase> <!-- AddRowandRowDiscount -->
  <testcase name="TableDiscountAndTax" classname="com.freshproposals.selenium.FeeTableInProposal">
    <skipped/>
  </testcase> <!-- TableDiscountAndTax -->
  <testcase name="ResetTableDiscount" classname="com.freshproposals.selenium.FeeTableInProposal">
    <skipped/>
  </testcase> <!-- ResetTableDiscount -->
</testsuite> <!-- com.freshproposals.selenium.FeeTableInProposal -->
