<?xml version="1.0" encoding="UTF-8"?>
<!-- Generated by org.testng.reporters.JUnitReportReporter -->
<testsuite skipped="0" hostname="DESKTOP-DFBIVRO" name="com.freshproposals.selenium.ResizingOfAllComponent" tests="16" failures="0" timestamp="2020-03-05T09:53:31 IST" time="217.739" errors="0">
  <testcase name="login" time="4.495" classname="com.freshproposals.selenium.ResizingOfAllComponent"/>
  <testcase name="GetUrl" time="7.884" classname="com.freshproposals.selenium.ResizingOfAllComponent"/>
  <testcase name="ResizeTextComponent" time="0.552" classname="com.freshproposals.selenium.ResizingOfAllComponent"/>
  <testcase name="resizetext" time="9.079" classname="com.freshproposals.selenium.ResizingOfAllComponent"/>
  <testcase name="Resizetextverification" time="6.930" classname="com.freshproposals.selenium.ResizingOfAllComponent"/>
  <testcase name="Resizeback" time="13.078" classname="com.freshproposals.selenium.ResizingOfAllComponent"/>
  <testcase name="ResizeImage" time="22.047" classname="com.freshproposals.selenium.ResizingOfAllComponent"/>
  <testcase name="ResizeImageVerification" time="11.253" classname="com.freshproposals.selenium.ResizingOfAllComponent"/>
  <testcase name="ResizeImage2" time="17.057" classname="com.freshproposals.selenium.ResizingOfAllComponent"/>
  <testcase name="ResizeImage2Verification" time="10.866" classname="com.freshproposals.selenium.ResizingOfAllComponent"/>
  <testcase name="ImageReResize" time="23.677" classname="com.freshproposals.selenium.ResizingOfAllComponent"/>
  <testcase name="RectangleResize" time="25.203" classname="com.freshproposals.selenium.ResizingOfAllComponent"/>
  <testcase name="Rect1Verify" time="9.126" classname="com.freshproposals.selenium.ResizingOfAllComponent"/>
  <testcase name="Rect2" time="21.212" classname="com.freshproposals.selenium.ResizingOfAllComponent"/>
  <testcase name="RectangleResizeVerification" time="9.496" classname="com.freshproposals.selenium.ResizingOfAllComponent"/>
  <testcase name="RectangleReResize" time="25.784" classname="com.freshproposals.selenium.ResizingOfAllComponent"/>
</testsuite> <!-- com.freshproposals.selenium.ResizingOfAllComponent -->
