<?xml version="1.0" encoding="UTF-8"?>
<!-- Generated by org.testng.reporters.JUnitReportReporter -->
<testsuite skipped="0" hostname="DESKTOP-DFBIVRO" name="com.freshproposals.selenium.FeetablePropertiesinSection" tests="5" failures="0" timestamp="2020-03-05T15:33:16 IST" time="317.308" errors="0">
  <testcase name="login" time="5.517" classname="com.freshproposals.selenium.FeetablePropertiesinSection"/>
  <testcase name="AddRowRowDiscountandChangeType" time="65.090" classname="com.freshproposals.selenium.FeetablePropertiesinSection"/>
  <testcase name="SelectRowType" time="72.909" classname="com.freshproposals.selenium.FeetablePropertiesinSection"/>
  <testcase name="TableDiscount" time="138.889" classname="com.freshproposals.selenium.FeetablePropertiesinSection"/>
  <testcase name="FeeRowisoptional" time="34.903" classname="com.freshproposals.selenium.FeetablePropertiesinSection"/>
</testsuite> <!-- com.freshproposals.selenium.FeetablePropertiesinSection -->
