<?xml version="1.0" encoding="UTF-8"?>
<!-- Generated by org.testng.reporters.JUnitReportReporter -->
<testsuite skipped="0" hostname="DESKTOP-DFBIVRO" name="com.freshproposals.selenium.UpdatedVariables" tests="6" failures="0" timestamp="2020-03-05T09:41:13 IST" time="199.155" errors="0">
  <testcase name="login" time="5.875" classname="com.freshproposals.selenium.UpdatedVariables"/>
  <testcase name="Variable" time="18.765" classname="com.freshproposals.selenium.UpdatedVariables"/>
  <testcase name="updatedUserProfile" time="23.211" classname="com.freshproposals.selenium.UpdatedVariables"/>
  <testcase name="UpdateCompanyProfile" time="35.916" classname="com.freshproposals.selenium.UpdatedVariables"/>
  <testcase name="UpdateClientContact" time="37.859" classname="com.freshproposals.selenium.UpdatedVariables"/>
  <testcase name="ResetVariable" time="77.529" classname="com.freshproposals.selenium.UpdatedVariables"/>
</testsuite> <!-- com.freshproposals.selenium.UpdatedVariables -->
