<?xml version="1.0" encoding="UTF-8"?>
<!-- Generated by org.testng.reporters.JUnitReportReporter -->
<testsuite skipped="0" hostname="DESKTOP-DFBIVRO" name="com.freshproposals.selenium.AddVariablesandVerify" tests="4" failures="0" timestamp="2020-03-05T09:32:57 IST" time="67.266" errors="0">
  <testcase name="login" time="5.813" classname="com.freshproposals.selenium.AddVariablesandVerify"/>
  <testcase name="Addvariables" time="34.792" classname="com.freshproposals.selenium.AddVariablesandVerify"/>
  <testcase name="VerifyUpdatedVariables" time="10.590" classname="com.freshproposals.selenium.AddVariablesandVerify"/>
  <testcase name="DeleteAllVariableFromBox" time="16.071" classname="com.freshproposals.selenium.AddVariablesandVerify"/>
</testsuite> <!-- com.freshproposals.selenium.AddVariablesandVerify -->
